\BOOKMARK [-1][-]{part.1}{\376\377\000I\000\040\000I\000n\000t\000r\000o\000d\000u\000c\000t\000i\000o\000n}{}% 1
\BOOKMARK [-1][-]{part.2}{\376\377\000I\000I\000\040\000I\000m\000p\000a\000c\000t\000\040\000d\000'\000u\000n\000e\000\040\000e\000r\000r\000e\000u\000r\000\040\000d\000e\000\040\000p\000h\000a\000s\000e\000\040\000p\000o\000r\000t\000e\000u\000s\000e}{}% 2
\BOOKMARK [0][-]{chapter.2.1}{\376\377\000\311\000t\000u\000d\000e\000\040\000t\000h\000\351\000o\000r\000i\000q\000u\000e}{part.2}% 3
\BOOKMARK [1][-]{section.2.1.1}{\376\377\000R\000e\000s\000p\000e\000c\000t\000\040\000d\000u\000\040\000c\000r\000i\000t\000\350\000r\000e\000\040\000d\000e\000\040\000N\000y\000q\000u\000i\000s\000t}{chapter.2.1}% 4
\BOOKMARK [1][-]{section.2.1.2}{\376\377\000E\000x\000p\000r\000e\000s\000s\000i\000o\000n\000\040\000d\000u\000\040\000s\000i\000g\000n\000a\000l\000\040\000e\000n\000\040\000s\000o\000r\000t\000i\000e\000\040\000d\000'\000\351\000c\000h\000a\000n\000t\000i\000l\000l\000o\000n\000n\000e\000u\000r}{chapter.2.1}% 5
\BOOKMARK [1][-]{section.2.1.3}{\376\377\000C\000a\000l\000c\000u\000l\000\040\000d\000u\000\040\000T\000E\000B\000\040\000t\000h\000\351\000o\000r\000i\000q\000u\000e\000\040\000d\000u\000\040\000s\000i\000g\000n\000a\000l\000\040\000a\000v\000e\000c\000\040\000e\000r\000r\000e\000u\000r\000\040\000d\000e\000\040\000p\000h\000a\000s\000e}{chapter.2.1}% 6
\BOOKMARK [1][-]{section.2.1.4}{\376\377\000C\000a\000l\000c\000u\000l\000\040\000d\000e\000\040\000I\000w\000\040\0002}{chapter.2.1}% 7
\BOOKMARK [1][-]{section.2.1.5}{\376\377\000C\000a\000l\000c\000u\000l\000\040\000d\000e\000\040\000E\000s}{chapter.2.1}% 8
\BOOKMARK [1][-]{section.2.1.6}{\376\377\000E\000x\000p\000r\000e\000s\000s\000i\000o\000n\000\040\000f\000i\000n\000a\000l\000e\000\040\000d\000u\000\040\000T\000E\000B}{chapter.2.1}% 9
\BOOKMARK [0][-]{chapter.2.2}{\376\377\000I\000m\000p\000l\000a\000n\000t\000a\000t\000i\000o\000n\000\040\000s\000o\000u\000s\000\040\000M\000a\000t\000l\000a\000b}{part.2}% 10
\BOOKMARK [1][-]{section.2.2.1}{\376\377\000I\000m\000p\000l\000a\000n\000t\000a\000t\000i\000o\000n\000\040\000d\000e\000\040\000l\000a\000\040\000c\000h\000a\000\356\000n\000e\000\040\000s\000a\000n\000s\000\040\000e\000r\000r\000e\000u\000r\000\040\000d\000e\000\040\000p\000h\000a\000s\000e\000\040\000e\000t\000\040\000s\000a\000n\000s\000\040\000b\000r\000u\000i\000t}{chapter.2.2}% 11
\BOOKMARK [1][-]{section.2.2.2}{\376\377\000I\000m\000p\000l\000a\000n\000t\000a\000t\000i\000o\000n\000\040\000d\000e\000\040\000l\000a\000\040\000c\000h\000a\000\356\000n\000e\000\040\000a\000v\000e\000c\000\040\000e\000r\000r\000e\000u\000r\000\040\000d\000e\000\040\000p\000h\000a\000s\000e\000\040\000e\000t\000\040\000s\000a\000n\000s\000\040\000b\000r\000u\000i\000t}{chapter.2.2}% 12
\BOOKMARK [1][-]{section.2.2.3}{\376\377\000I\000m\000p\000l\000a\000n\000t\000a\000t\000i\000o\000n\000\040\000d\000e\000\040\000l\000a\000\040\000c\000h\000a\000\356\000n\000e\000\040\000a\000v\000e\000c\000\040\000e\000r\000r\000e\000u\000r\000\040\000d\000e\000\040\000p\000h\000a\000s\000e\000\040\000e\000t\000\040\000a\000v\000e\000c\000\040\000b\000r\000u\000i\000t}{chapter.2.2}% 13
\BOOKMARK [-1][-]{part.3}{\376\377\000I\000I\000I\000\040\000E\000s\000t\000i\000m\000a\000t\000i\000o\000n\000\040\000e\000t\000\040\000c\000o\000r\000r\000e\000c\000t\000i\000o\000n\000\040\000d\000e\000\040\000l\040\031\000e\000r\000r\000e\000u\000r\000\040\000d\000e\000\040\000p\000h\000a\000s\000e\000\040\000p\000o\000r\000t\000e\000u\000s\000e}{}% 14
\BOOKMARK [0][-]{chapter.3.1}{\376\377\000I\000m\000p\000l\000a\000n\000t\000a\000t\000i\000o\000n\000\040\000s\000o\000u\000s\000\040\000M\000a\000t\000l\000a\000b}{part.3}% 15
\BOOKMARK [-1][-]{part.4}{\376\377\000I\000V\000\040\000U\000t\000i\000l\000i\000s\000a\000t\000i\000o\000n\000\040\000d\040\031\000u\000n\000\040\000c\000o\000d\000a\000g\000e\000\040\000p\000a\000r\000\040\000t\000r\000a\000n\000s\000i\000t\000i\000o\000n}{}% 16
\BOOKMARK [0][-]{chapter.4.1}{\376\377\000\311\000t\000u\000d\000e\000\040\000t\000h\000\351\000o\000r\000i\000q\000u\000e}{part.4}% 17
\BOOKMARK [1][-]{section.4.1.1}{\376\377\000A\000f\000f\000r\000a\000n\000c\000h\000i\000s\000s\000m\000e\000n\000t\000\040\000d\000e\000\040\000l\000'\000a\000m\000b\000i\000g\000u\000\357\000t\000\351\000\040\000d\000e\000\040}{chapter.4.1}% 18
\BOOKMARK [1][-]{section.4.1.2}{\376\377\000T\000E\000B\000\040\000d\000e\000s\000\040\000s\000y\000m\000b\000o\000l\000e\000s\000\040\000c\000o\000d\000\351\000s}{chapter.4.1}% 19
\BOOKMARK [0][-]{chapter.4.2}{\376\377\000I\000m\000p\000l\000a\000n\000t\000a\000t\000i\000o\000n\000\040\000s\000o\000u\000s\000\040\000M\000a\000t\000l\000a\000b}{part.4}% 20
\BOOKMARK [-1][-]{part.5}{\376\377\000V\000\040\000C\000o\000n\000c\000l\000u\000s\000i\000o\000n}{}% 21
\BOOKMARK [0][-]{section.5.0.1}{\376\377\000B\000i\000l\000a\000n}{part.5}% 22
\BOOKMARK [0][-]{chapter*.16}{\376\377\000B\000i\000b\000l\000i\000o\000g\000r\000a\000p\000h\000i\000e}{part.5}% 23
